\BOOKMARK [0][-]{dedication.0}{Dedicat\363ria}{}% 1
\BOOKMARK [0][-]{acknowledgements.0}{Agradecimentos}{}% 2
\BOOKMARK [0][-]{resumo.0}{Resumo}{}% 3
\BOOKMARK [0][-]{abstract.0}{Abstract}{}% 4
\BOOKMARK [0][-]{chapter.1}{Introdu\347\343o}{}% 5
\BOOKMARK [1][-]{section.1.1}{Justificativa}{chapter.1}% 6
\BOOKMARK [1][-]{section.1.2}{Problema}{chapter.1}% 7
\BOOKMARK [1][-]{section.1.3}{Objetivo}{chapter.1}% 8
\BOOKMARK [1][-]{section.1.4}{Descri\347\343o dos Cap\355tulos}{chapter.1}% 9
\BOOKMARK [0][-]{chapter.2}{Redes Metab\363licas}{}% 10
\BOOKMARK [1][-]{section.2.1}{Conceitos B\341sicos de Biologia Molecular}{chapter.2}% 11
\BOOKMARK [2][-]{subsection.2.1.1}{\301cidos Nucl\351icos}{section.2.1}% 12
\BOOKMARK [2][-]{subsection.2.1.2}{S\355ntese de Prote\355na}{section.2.1}% 13
\BOOKMARK [1][-]{section.2.2}{Conceitos B\341sicos de Metabolismo}{chapter.2}% 14
\BOOKMARK [2][-]{subsection.2.2.1}{Metabolismo Prim\341rio}{section.2.2}% 15
\BOOKMARK [2][-]{subsection.2.2.2}{Metabolismo Secund\341rio}{section.2.2}% 16
\BOOKMARK [1][-]{section.2.3}{Banco de Dados de Redes Metab\363licas}{chapter.2}% 17
\BOOKMARK [1][-]{section.2.4}{Banco de Dados NoSQL}{chapter.2}% 18
\BOOKMARK [1][-]{section.2.5}{Propriedades}{chapter.2}% 19
\BOOKMARK [1][-]{section.2.6}{OrientDB}{chapter.2}% 20
\BOOKMARK [2][-]{subsection.2.6.1}{KEGG}{section.2.6}% 21
\BOOKMARK [2][-]{subsection.2.6.2}{BioCyc}{section.2.6}% 22
\BOOKMARK [2][-]{subsection.2.6.3}{Reactome}{section.2.6}% 23
\BOOKMARK [0][-]{chapter.3}{Ferramentas de visualiza\347\343o de Redes Metab\363licas}{}% 24
\BOOKMARK [1][-]{section.3.1}{KEGG}{chapter.3}% 25
\BOOKMARK [1][-]{section.3.2}{MetaCyc}{chapter.3}% 26
\BOOKMARK [1][-]{section.3.3}{Reactome Browser}{chapter.3}% 27
\BOOKMARK [1][-]{section.3.4}{Cytoscape}{chapter.3}% 28
\BOOKMARK [0][-]{chapter.4}{IHC}{}% 29
\BOOKMARK [0][-]{chapter.5}{2Path: Aplica\347\343o Web}{}% 30
\BOOKMARK [1][-]{section.5.1}{Implementa\347\343o}{chapter.5}% 31
\BOOKMARK [1][-]{section.5.2}{Visualiza\347\343o das redes metab\363licas}{chapter.5}% 32
\BOOKMARK [1][-]{section.5.3}{Desafios}{chapter.5}% 33
\BOOKMARK [0][-]{chapter.6}{M\351todo e Resultados}{}% 34
\BOOKMARK [0][-]{chapter.7}{Conclus\343o e Trabalhos Futuros}{}% 35
\BOOKMARK [1][-]{section.7.1}{Conclus\343o}{chapter.7}% 36
\BOOKMARK [1][-]{section.7.2}{Trabalhos Futuros}{chapter.7}% 37
\BOOKMARK [0][-]{chapter.8}{Cronograma}{}% 38
\BOOKMARK [0][-]{section*.12}{Refer\352ncias}{}% 39
