This is pdfTeX, Version 3.14159265-2.6-1.40.16 (TeX Live 2015/Debian) (preloaded format=pdflatex 2016.9.12)  13 DEC 2016 16:41
entering extended mode
 restricted \write18 enabled.
 %&-line parsing enabled.
**monografia.tex
(./monografia.tex
LaTeX2e <2016/02/01>
Babel <3.9q> and hyphenation patterns for 81 language(s) loaded.
(./unb-cic.cls
Document Class: unb-cic 2008/06/05 v0.93 Classe para trabalhos CIC UnB
(/usr/share/texlive/texmf-dist/tex/latex/xkeyval/xkeyval.sty
Package: xkeyval 2014/12/03 v2.7a package option processing (HA)

(/usr/share/texlive/texmf-dist/tex/generic/xkeyval/xkeyval.tex
(/usr/share/texlive/texmf-dist/tex/generic/xkeyval/xkvutils.tex
\XKV@toks=\toks14
\XKV@tempa@toks=\toks15

(/usr/share/texlive/texmf-dist/tex/generic/xkeyval/keyval.tex))
\XKV@depth=\count79
File: xkeyval.tex 2014/12/03 v2.7a key=value parser (HA)
))
(/usr/share/texlive/texmf-dist/tex/latex/base/report.cls
Document Class: report 2014/09/29 v1.4h Standard LaTeX document class
(/usr/share/texlive/texmf-dist/tex/latex/base/size12.clo
File: size12.clo 2014/09/29 v1.4h Standard LaTeX file (size option)
)
\c@part=\count80
\c@chapter=\count81
\c@section=\count82
\c@subsection=\count83
\c@subsubsection=\count84
\c@paragraph=\count85
\c@subparagraph=\count86
\c@figure=\count87
\c@table=\count88
\abovecaptionskip=\skip41
\belowcaptionskip=\skip42
\bibindent=\dimen102
)
(/usr/share/texlive/texmf-dist/tex/latex/base/fixltx2e.sty
Package: fixltx2e 2015/06/22 v2.0b fixes to LaTeX (obsolete)


Package fixltx2e Warning: fixltx2e is not required with releases after 2015
(fixltx2e)                All fixes are now in the LaTeX kernel.
(fixltx2e)                See the latexrelease package for details.

) (/usr/share/texlive/texmf-dist/tex/latex/relsize/relsize.sty
Package: relsize 2013/03/29 ver 4.1
)
(/usr/share/texlive/texmf-dist/tex/latex/hyperref/hyperref.sty
Package: hyperref 2012/11/06 v6.83m Hypertext links for LaTeX

(/usr/share/texlive/texmf-dist/tex/generic/oberdiek/hobsub-hyperref.sty
Package: hobsub-hyperref 2012/05/28 v1.13 Bundle oberdiek, subset hyperref (HO)


(/usr/share/texlive/texmf-dist/tex/generic/oberdiek/hobsub-generic.sty
Package: hobsub-generic 2012/05/28 v1.13 Bundle oberdiek, subset generic (HO)
Package: hobsub 2012/05/28 v1.13 Construct package bundles (HO)
Package: infwarerr 2010/04/08 v1.3 Providing info/warning/error messages (HO)
Package: ltxcmds 2011/11/09 v1.22 LaTeX kernel commands for general use (HO)
Package: ifluatex 2010/03/01 v1.3 Provides the ifluatex switch (HO)
Package ifluatex Info: LuaTeX not detected.
Package: ifvtex 2010/03/01 v1.5 Detect VTeX and its facilities (HO)
Package ifvtex Info: VTeX not detected.
Package: intcalc 2007/09/27 v1.1 Expandable calculations with integers (HO)
Package: ifpdf 2011/01/30 v2.3 Provides the ifpdf switch (HO)
Package ifpdf Info: pdfTeX in PDF mode is detected.
Package: etexcmds 2011/02/16 v1.5 Avoid name clashes with e-TeX commands (HO)
Package etexcmds Info: Could not find \expanded.
(etexcmds)             That can mean that you are not using pdfTeX 1.50 or
(etexcmds)             that some package has redefined \expanded.
(etexcmds)             In the latter case, load this package earlier.
Package: kvsetkeys 2012/04/25 v1.16 Key value parser (HO)
Package: kvdefinekeys 2011/04/07 v1.3 Define keys (HO)
Package: pdftexcmds 2011/11/29 v0.20 Utility functions of pdfTeX for LuaTeX (HO
)
Package pdftexcmds Info: LuaTeX not detected.
Package pdftexcmds Info: \pdf@primitive is available.
Package pdftexcmds Info: \pdf@ifprimitive is available.
Package pdftexcmds Info: \pdfdraftmode found.
Package: pdfescape 2011/11/25 v1.13 Implements pdfTeX's escape features (HO)
Package: bigintcalc 2012/04/08 v1.3 Expandable calculations on big integers (HO
)
Package: bitset 2011/01/30 v1.1 Handle bit-vector datatype (HO)
Package: uniquecounter 2011/01/30 v1.2 Provide unlimited unique counter (HO)
)
Package hobsub Info: Skipping package `hobsub' (already loaded).
Package: letltxmacro 2010/09/02 v1.4 Let assignment for LaTeX macros (HO)
Package: hopatch 2012/05/28 v1.2 Wrapper for package hooks (HO)
Package: xcolor-patch 2011/01/30 xcolor patch
Package: atveryend 2011/06/30 v1.8 Hooks at the very end of document (HO)
Package atveryend Info: \enddocument detected (standard20110627).
Package: atbegshi 2011/10/05 v1.16 At begin shipout hook (HO)
Package: refcount 2011/10/16 v3.4 Data extraction from label references (HO)
Package: hycolor 2011/01/30 v1.7 Color options for hyperref/bookmark (HO)
)
(/usr/share/texlive/texmf-dist/tex/generic/ifxetex/ifxetex.sty
Package: ifxetex 2010/09/12 v0.6 Provides ifxetex conditional
)
(/usr/share/texlive/texmf-dist/tex/latex/oberdiek/auxhook.sty
Package: auxhook 2011/03/04 v1.3 Hooks for auxiliary files (HO)
)
(/usr/share/texlive/texmf-dist/tex/latex/oberdiek/kvoptions.sty
Package: kvoptions 2011/06/30 v3.11 Key value format for package options (HO)
)
\@linkdim=\dimen103
\Hy@linkcounter=\count89
\Hy@pagecounter=\count90

(/usr/share/texlive/texmf-dist/tex/latex/hyperref/pd1enc.def
File: pd1enc.def 2012/11/06 v6.83m Hyperref: PDFDocEncoding definition (HO)
)
\Hy@SavedSpaceFactor=\count91

(/usr/share/texlive/texmf-dist/tex/latex/latexconfig/hyperref.cfg
File: hyperref.cfg 2002/06/06 v1.2 hyperref configuration of TeXLive
)
Package hyperref Info: Option `pdfdisplaydoctitle' set `true' on input line 431
9.
Package hyperref Info: Hyper figures OFF on input line 4443.
Package hyperref Info: Link nesting OFF on input line 4448.
Package hyperref Info: Hyper index ON on input line 4451.
Package hyperref Info: Plain pages OFF on input line 4458.
Package hyperref Info: Backreferencing ON on input line 4461.
Package hyperref Info: Implicit mode ON; LaTeX internals redefined.
Package hyperref Info: Bookmarks ON on input line 4688.

(/usr/share/texlive/texmf-dist/tex/latex/hyperref/backref.sty
Package: backref 2012/07/25 v1.38 Bibliographical back referencing

(/usr/share/texlive/texmf-dist/tex/latex/oberdiek/rerunfilecheck.sty
Package: rerunfilecheck 2011/04/15 v1.7 Rerun checks for auxiliary files (HO)
Package uniquecounter Info: New unique counter `rerunfilecheck' on input line 2
82.
))
\c@Hy@tempcnt=\count92

(/usr/share/texlive/texmf-dist/tex/latex/url/url.sty
\Urlmuskip=\muskip10
Package: url 2013/09/16  ver 3.4  Verb mode for urls, etc.
)
LaTeX Info: Redefining \url on input line 5041.
\XeTeXLinkMargin=\dimen104
\Fld@menulength=\count93
\Field@Width=\dimen105
\Fld@charsize=\dimen106
Package hyperref Info: Hyper figures OFF on input line 6295.
Package hyperref Info: Link nesting OFF on input line 6300.
Package hyperref Info: Hyper index ON on input line 6303.
Package hyperref Info: backreferencing ON on input line 6308.
Package hyperref Info: Link coloring OFF on input line 6315.
Package hyperref Info: Link coloring with OCG OFF on input line 6320.
Package hyperref Info: PDF/A mode OFF on input line 6325.
LaTeX Info: Redefining \ref on input line 6365.
LaTeX Info: Redefining \pageref on input line 6369.
\Hy@abspage=\count94
\c@Item=\count95
\c@Hfootnote=\count96
)

Package hyperref Message: Driver: hpdftex.

(/usr/share/texlive/texmf-dist/tex/latex/hyperref/hpdftex.def
File: hpdftex.def 2012/11/06 v6.83m Hyperref driver for pdfTeX
\Fld@listcount=\count97
\c@bookmark@seq@number=\count98
\Hy@SectionHShift=\skip43
)
(/usr/share/texlive/texmf-dist/tex/latex/graphics/graphicx.sty
Package: graphicx 2014/10/28 v1.0g Enhanced LaTeX Graphics (DPC,SPQR)

(/usr/share/texlive/texmf-dist/tex/latex/graphics/graphics.sty
Package: graphics 2016/01/03 v1.0q Standard LaTeX Graphics (DPC,SPQR)

(/usr/share/texlive/texmf-dist/tex/latex/graphics/trig.sty
Package: trig 2016/01/03 v1.10 sin cos tan (DPC)
)
(/usr/share/texlive/texmf-dist/tex/latex/latexconfig/graphics.cfg
File: graphics.cfg 2010/04/23 v1.9 graphics configuration of TeX Live
)
Package graphics Info: Driver file: pdftex.def on input line 95.

(/usr/share/texlive/texmf-dist/tex/latex/pdftex-def/pdftex.def
File: pdftex.def 2011/05/27 v0.06d Graphics/color for pdfTeX
\Gread@gobject=\count99
))
\Gin@req@height=\dimen107
\Gin@req@width=\dimen108
)
(/usr/share/texlive/texmf-dist/tex/latex/boites/boites.sty
File: boites.sty 
Package: boites 2013/11/21 v1.1 Colored, framed and breakable across pages boxe
s
\bk@bxb=\box26
\bk@bxa=\box27
\bk@lcnt=\count100
)
(/usr/share/texlive/texmf-dist/tex/latex/geometry/geometry.sty
Package: geometry 2010/09/12 v5.6 Page Geometry
\Gm@cnth=\count101
\Gm@cntv=\count102
\c@Gm@tempcnt=\count103
\Gm@bindingoffset=\dimen109
\Gm@wd@mp=\dimen110
\Gm@odd@mp=\dimen111
\Gm@even@mp=\dimen112
\Gm@layoutwidth=\dimen113
\Gm@layoutheight=\dimen114
\Gm@layouthoffset=\dimen115
\Gm@layoutvoffset=\dimen116
\Gm@dimlist=\toks16
)
(/usr/share/texlive/texmf-dist/tex/latex/setspace/setspace.sty
Package: setspace 2011/12/19 v6.7a set line spacing
)
\c@TotPaginas=\count104
\c@definition=\count105
)
(/usr/share/texlive/texmf-dist/tex/generic/babel/babel.sty
Package: babel 2016/02/24 3.9q The Babel package

(/usr/share/texlive/texmf-dist/tex/generic/babel-portuges/portuges.ldf
Language: portuges 2008/03/18 v1.2q Portuguese support from the babel system

(/usr/share/texlive/texmf-dist/tex/generic/babel/babel.def
File: babel.def 2016/02/24 3.9q Babel common definitions
\babel@savecnt=\count106
\U@D=\dimen117
)
\l@brazil = a dialect from \language\l@portuges 
Package babel Info: Making " an active character on input line 145.
)
(/usr/share/texlive/texmf-dist/tex/generic/babel-english/english.ldf
Language: english 2012/08/20 v3.3p English support from the babel system
\l@canadian = a dialect from \language\l@american 
\l@australian = a dialect from \language\l@british 
\l@newzealand = a dialect from \language\l@british 
))
(/usr/share/texlive/texmf-dist/tex/latex/base/fontenc.sty
Package: fontenc 2005/09/27 v1.99g Standard LaTeX package

(/usr/share/texlive/texmf-dist/tex/latex/base/t1enc.def
File: t1enc.def 2005/09/27 v1.99g Standard LaTeX file
LaTeX Font Info:    Redeclaring font encoding T1 on input line 48.
))
(/usr/share/texlive/texmf-dist/tex/latex/tools/indentfirst.sty
Package: indentfirst 1995/11/23 v1.03 Indent first paragraph (DPC)
)
(/usr/share/texlive/texmf-dist/tex/latex/natbib/natbib.sty
Package: natbib 2010/09/13 8.31b (PWD, AO)
\bibhang=\skip44
\bibsep=\skip45
LaTeX Info: Redefining \cite on input line 694.
\c@NAT@ctr=\count107
)
(/usr/share/texmf/tex/latex/xcolor/xcolor.sty
Package: xcolor 2007/01/21 v2.11 LaTeX color extensions (UK)

(/usr/share/texlive/texmf-dist/tex/latex/latexconfig/color.cfg
File: color.cfg 2007/01/18 v1.5 color configuration of teTeX/TeXLive
)
Package xcolor Info: Driver file: pdftex.def on input line 225.

(/usr/share/texlive/texmf-dist/tex/latex/colortbl/colortbl.sty
Package: colortbl 2012/02/13 v1.0a Color table columns (DPC)

(/usr/share/texlive/texmf-dist/tex/latex/tools/array.sty
Package: array 2014/10/28 v2.4c Tabular extension package (FMi)
\col@sep=\dimen118
\extrarowheight=\dimen119
\NC@list=\toks17
\extratabsurround=\skip46
\backup@length=\skip47
)
\everycr=\toks18
\minrowclearance=\skip48
)
\rownum=\count108
Package xcolor Info: Model `cmy' substituted by `cmy0' on input line 1337.
Package xcolor Info: Model `hsb' substituted by `rgb' on input line 1341.
Package xcolor Info: Model `RGB' extended on input line 1353.
Package xcolor Info: Model `HTML' substituted by `rgb' on input line 1355.
Package xcolor Info: Model `Hsb' substituted by `hsb' on input line 1356.
Package xcolor Info: Model `tHsb' substituted by `hsb' on input line 1357.
Package xcolor Info: Model `HSB' substituted by `hsb' on input line 1358.
Package xcolor Info: Model `Gray' substituted by `gray' on input line 1359.
Package xcolor Info: Model `wave' substituted by `hsb' on input line 1360.
)
(/usr/share/texlive/texmf-dist/tex/latex/soul/soul.sty
Package: soul 2003/11/17 v2.4 letterspacing/underlining (mf)
\SOUL@word=\toks19
\SOUL@lasttoken=\toks20
\SOUL@cmds=\toks21
\SOUL@buffer=\toks22
\SOUL@token=\toks23
\SOUL@spaceskip=\skip49
\SOUL@ttwidth=\dimen120
\SOUL@uldp=\dimen121
\SOUL@ulht=\dimen122
)
(/usr/share/texlive/texmf-dist/tex/latex/base/inputenc.sty
Package: inputenc 2015/03/17 v1.2c Input encoding file
\inpenc@prehook=\toks24
\inpenc@posthook=\toks25

(/usr/share/texlive/texmf-dist/tex/latex/base/utf8.def
File: utf8.def 2015/12/03 v1.1r UTF-8 support for inputenc
Now handling font encoding OML ...
... no UTF-8 mapping file for font encoding OML
Now handling font encoding T1 ...
... processing UTF-8 mapping file for font encoding T1

(/usr/share/texlive/texmf-dist/tex/latex/base/t1enc.dfu
File: t1enc.dfu 2015/12/03 v1.1r UTF-8 support for inputenc
   defining Unicode char U+00A0 (decimal 160)
   defining Unicode char U+00A1 (decimal 161)
   defining Unicode char U+00A3 (decimal 163)
   defining Unicode char U+00AB (decimal 171)
   defining Unicode char U+00AD (decimal 173)
   defining Unicode char U+00BB (decimal 187)
   defining Unicode char U+00BF (decimal 191)
   defining Unicode char U+00C0 (decimal 192)
   defining Unicode char U+00C1 (decimal 193)
   defining Unicode char U+00C2 (decimal 194)
   defining Unicode char U+00C3 (decimal 195)
   defining Unicode char U+00C4 (decimal 196)
   defining Unicode char U+00C5 (decimal 197)
   defining Unicode char U+00C6 (decimal 198)
   defining Unicode char U+00C7 (decimal 199)
   defining Unicode char U+00C8 (decimal 200)
   defining Unicode char U+00C9 (decimal 201)
   defining Unicode char U+00CA (decimal 202)
   defining Unicode char U+00CB (decimal 203)
   defining Unicode char U+00CC (decimal 204)
   defining Unicode char U+00CD (decimal 205)
   defining Unicode char U+00CE (decimal 206)
   defining Unicode char U+00CF (decimal 207)
   defining Unicode char U+00D0 (decimal 208)
   defining Unicode char U+00D1 (decimal 209)
   defining Unicode char U+00D2 (decimal 210)
   defining Unicode char U+00D3 (decimal 211)
   defining Unicode char U+00D4 (decimal 212)
   defining Unicode char U+00D5 (decimal 213)
   defining Unicode char U+00D6 (decimal 214)
   defining Unicode char U+00D8 (decimal 216)
   defining Unicode char U+00D9 (decimal 217)
   defining Unicode char U+00DA (decimal 218)
   defining Unicode char U+00DB (decimal 219)
   defining Unicode char U+00DC (decimal 220)
   defining Unicode char U+00DD (decimal 221)
   defining Unicode char U+00DE (decimal 222)
   defining Unicode char U+00DF (decimal 223)
   defining Unicode char U+00E0 (decimal 224)
   defining Unicode char U+00E1 (decimal 225)
   defining Unicode char U+00E2 (decimal 226)
   defining Unicode char U+00E3 (decimal 227)
   defining Unicode char U+00E4 (decimal 228)
   defining Unicode char U+00E5 (decimal 229)
   defining Unicode char U+00E6 (decimal 230)
   defining Unicode char U+00E7 (decimal 231)
   defining Unicode char U+00E8 (decimal 232)
   defining Unicode char U+00E9 (decimal 233)
   defining Unicode char U+00EA (decimal 234)
   defining Unicode char U+00EB (decimal 235)
   defining Unicode char U+00EC (decimal 236)
   defining Unicode char U+00ED (decimal 237)
   defining Unicode char U+00EE (decimal 238)
   defining Unicode char U+00EF (decimal 239)
   defining Unicode char U+00F0 (decimal 240)
   defining Unicode char U+00F1 (decimal 241)
   defining Unicode char U+00F2 (decimal 242)
   defining Unicode char U+00F3 (decimal 243)
   defining Unicode char U+00F4 (decimal 244)
   defining Unicode char U+00F5 (decimal 245)
   defining Unicode char U+00F6 (decimal 246)
   defining Unicode char U+00F8 (decimal 248)
   defining Unicode char U+00F9 (decimal 249)
   defining Unicode char U+00FA (decimal 250)
   defining Unicode char U+00FB (decimal 251)
   defining Unicode char U+00FC (decimal 252)
   defining Unicode char U+00FD (decimal 253)
   defining Unicode char U+00FE (decimal 254)
   defining Unicode char U+00FF (decimal 255)
   defining Unicode char U+0100 (decimal 256)
   defining Unicode char U+0101 (decimal 257)
   defining Unicode char U+0102 (decimal 258)
   defining Unicode char U+0103 (decimal 259)
   defining Unicode char U+0104 (decimal 260)
   defining Unicode char U+0105 (decimal 261)
   defining Unicode char U+0106 (decimal 262)
   defining Unicode char U+0107 (decimal 263)
   defining Unicode char U+0108 (decimal 264)
   defining Unicode char U+0109 (decimal 265)
   defining Unicode char U+010A (decimal 266)
   defining Unicode char U+010B (decimal 267)
   defining Unicode char U+010C (decimal 268)
   defining Unicode char U+010D (decimal 269)
   defining Unicode char U+010E (decimal 270)
   defining Unicode char U+010F (decimal 271)
   defining Unicode char U+0110 (decimal 272)
   defining Unicode char U+0111 (decimal 273)
   defining Unicode char U+0112 (decimal 274)
   defining Unicode char U+0113 (decimal 275)
   defining Unicode char U+0114 (decimal 276)
   defining Unicode char U+0115 (decimal 277)
   defining Unicode char U+0116 (decimal 278)
   defining Unicode char U+0117 (decimal 279)
   defining Unicode char U+0118 (decimal 280)
   defining Unicode char U+0119 (decimal 281)
   defining Unicode char U+011A (decimal 282)
   defining Unicode char U+011B (decimal 283)
   defining Unicode char U+011C (decimal 284)
   defining Unicode char U+011D (decimal 285)
   defining Unicode char U+011E (decimal 286)
   defining Unicode char U+011F (decimal 287)
   defining Unicode char U+0120 (decimal 288)
   defining Unicode char U+0121 (decimal 289)
   defining Unicode char U+0122 (decimal 290)
   defining Unicode char U+0123 (decimal 291)
   defining Unicode char U+0124 (decimal 292)
   defining Unicode char U+0125 (decimal 293)
   defining Unicode char U+0128 (decimal 296)
   defining Unicode char U+0129 (decimal 297)
   defining Unicode char U+012A (decimal 298)
   defining Unicode char U+012B (decimal 299)
   defining Unicode char U+012C (decimal 300)
   defining Unicode char U+012D (decimal 301)
   defining Unicode char U+012E (decimal 302)
   defining Unicode char U+012F (decimal 303)
   defining Unicode char U+0130 (decimal 304)
   defining Unicode char U+0131 (decimal 305)
   defining Unicode char U+0132 (decimal 306)
   defining Unicode char U+0133 (decimal 307)
   defining Unicode char U+0134 (decimal 308)
   defining Unicode char U+0135 (decimal 309)
   defining Unicode char U+0136 (decimal 310)
   defining Unicode char U+0137 (decimal 311)
   defining Unicode char U+0139 (decimal 313)
   defining Unicode char U+013A (decimal 314)
   defining Unicode char U+013B (decimal 315)
   defining Unicode char U+013C (decimal 316)
   defining Unicode char U+013D (decimal 317)
   defining Unicode char U+013E (decimal 318)
   defining Unicode char U+0141 (decimal 321)
   defining Unicode char U+0142 (decimal 322)
   defining Unicode char U+0143 (decimal 323)
   defining Unicode char U+0144 (decimal 324)
   defining Unicode char U+0145 (decimal 325)
   defining Unicode char U+0146 (decimal 326)
   defining Unicode char U+0147 (decimal 327)
   defining Unicode char U+0148 (decimal 328)
   defining Unicode char U+014A (decimal 330)
   defining Unicode char U+014B (decimal 331)
   defining Unicode char U+014C (decimal 332)
   defining Unicode char U+014D (decimal 333)
   defining Unicode char U+014E (decimal 334)
   defining Unicode char U+014F (decimal 335)
   defining Unicode char U+0150 (decimal 336)
   defining Unicode char U+0151 (decimal 337)
   defining Unicode char U+0152 (decimal 338)
   defining Unicode char U+0153 (decimal 339)
   defining Unicode char U+0154 (decimal 340)
   defining Unicode char U+0155 (decimal 341)
   defining Unicode char U+0156 (decimal 342)
   defining Unicode char U+0157 (decimal 343)
   defining Unicode char U+0158 (decimal 344)
   defining Unicode char U+0159 (decimal 345)
   defining Unicode char U+015A (decimal 346)
   defining Unicode char U+015B (decimal 347)
   defining Unicode char U+015C (decimal 348)
   defining Unicode char U+015D (decimal 349)
   defining Unicode char U+015E (decimal 350)
   defining Unicode char U+015F (decimal 351)
   defining Unicode char U+0160 (decimal 352)
   defining Unicode char U+0161 (decimal 353)
   defining Unicode char U+0162 (decimal 354)
   defining Unicode char U+0163 (decimal 355)
   defining Unicode char U+0164 (decimal 356)
   defining Unicode char U+0165 (decimal 357)
   defining Unicode char U+0168 (decimal 360)
   defining Unicode char U+0169 (decimal 361)
   defining Unicode char U+016A (decimal 362)
   defining Unicode char U+016B (decimal 363)
   defining Unicode char U+016C (decimal 364)
   defining Unicode char U+016D (decimal 365)
   defining Unicode char U+016E (decimal 366)
   defining Unicode char U+016F (decimal 367)
   defining Unicode char U+0170 (decimal 368)
   defining Unicode char U+0171 (decimal 369)
   defining Unicode char U+0172 (decimal 370)
   defining Unicode char U+0173 (decimal 371)
   defining Unicode char U+0174 (decimal 372)
   defining Unicode char U+0175 (decimal 373)
   defining Unicode char U+0176 (decimal 374)
   defining Unicode char U+0177 (decimal 375)
   defining Unicode char U+0178 (decimal 376)
   defining Unicode char U+0179 (decimal 377)
   defining Unicode char U+017A (decimal 378)
   defining Unicode char U+017B (decimal 379)
   defining Unicode char U+017C (decimal 380)
   defining Unicode char U+017D (decimal 381)
   defining Unicode char U+017E (decimal 382)
   defining Unicode char U+01CD (decimal 461)
   defining Unicode char U+01CE (decimal 462)
   defining Unicode char U+01CF (decimal 463)
   defining Unicode char U+01D0 (decimal 464)
   defining Unicode char U+01D1 (decimal 465)
   defining Unicode char U+01D2 (decimal 466)
   defining Unicode char U+01D3 (decimal 467)
   defining Unicode char U+01D4 (decimal 468)
   defining Unicode char U+01E2 (decimal 482)
   defining Unicode char U+01E3 (decimal 483)
   defining Unicode char U+01E6 (decimal 486)
   defining Unicode char U+01E7 (decimal 487)
   defining Unicode char U+01E8 (decimal 488)
   defining Unicode char U+01E9 (decimal 489)
   defining Unicode char U+01EA (decimal 490)
   defining Unicode char U+01EB (decimal 491)
   defining Unicode char U+01F0 (decimal 496)
   defining Unicode char U+01F4 (decimal 500)
   defining Unicode char U+01F5 (decimal 501)
   defining Unicode char U+0218 (decimal 536)
   defining Unicode char U+0219 (decimal 537)
   defining Unicode char U+021A (decimal 538)
   defining Unicode char U+021B (decimal 539)
   defining Unicode char U+01E02 (decimal 7682)
   defining Unicode char U+01E03 (decimal 7683)
   defining Unicode char U+200C (decimal 8204)
   defining Unicode char U+2013 (decimal 8211)
   defining Unicode char U+2014 (decimal 8212)
   defining Unicode char U+2018 (decimal 8216)
   defining Unicode char U+2019 (decimal 8217)
   defining Unicode char U+201A (decimal 8218)
   defining Unicode char U+201C (decimal 8220)
   defining Unicode char U+201D (decimal 8221)
   defining Unicode char U+201E (decimal 8222)
   defining Unicode char U+2030 (decimal 8240)
   defining Unicode char U+2031 (decimal 8241)
   defining Unicode char U+2039 (decimal 8249)
   defining Unicode char U+203A (decimal 8250)
   defining Unicode char U+2423 (decimal 9251)
)
Now handling font encoding OT1 ...
... processing UTF-8 mapping file for font encoding OT1

(/usr/share/texlive/texmf-dist/tex/latex/base/ot1enc.dfu
File: ot1enc.dfu 2015/12/03 v1.1r UTF-8 support for inputenc
   defining Unicode char U+00A0 (decimal 160)
   defining Unicode char U+00A1 (decimal 161)
   defining Unicode char U+00A3 (decimal 163)
   defining Unicode char U+00AD (decimal 173)
   defining Unicode char U+00B8 (decimal 184)
   defining Unicode char U+00BF (decimal 191)
   defining Unicode char U+00C5 (decimal 197)
   defining Unicode char U+00C6 (decimal 198)
   defining Unicode char U+00D8 (decimal 216)
   defining Unicode char U+00DF (decimal 223)
   defining Unicode char U+00E6 (decimal 230)
   defining Unicode char U+00EC (decimal 236)
   defining Unicode char U+00ED (decimal 237)
   defining Unicode char U+00EE (decimal 238)
   defining Unicode char U+00EF (decimal 239)
   defining Unicode char U+00F8 (decimal 248)
   defining Unicode char U+0131 (decimal 305)
   defining Unicode char U+0141 (decimal 321)
   defining Unicode char U+0142 (decimal 322)
   defining Unicode char U+0152 (decimal 338)
   defining Unicode char U+0153 (decimal 339)
   defining Unicode char U+0174 (decimal 372)
   defining Unicode char U+0175 (decimal 373)
   defining Unicode char U+0176 (decimal 374)
   defining Unicode char U+0177 (decimal 375)
   defining Unicode char U+0218 (decimal 536)
   defining Unicode char U+0219 (decimal 537)
   defining Unicode char U+021A (decimal 538)
   defining Unicode char U+021B (decimal 539)
   defining Unicode char U+2013 (decimal 8211)
   defining Unicode char U+2014 (decimal 8212)
   defining Unicode char U+2018 (decimal 8216)
   defining Unicode char U+2019 (decimal 8217)
   defining Unicode char U+201C (decimal 8220)
   defining Unicode char U+201D (decimal 8221)
)
Now handling font encoding OMS ...
... processing UTF-8 mapping file for font encoding OMS

(/usr/share/texlive/texmf-dist/tex/latex/base/omsenc.dfu
File: omsenc.dfu 2015/12/03 v1.1r UTF-8 support for inputenc
   defining Unicode char U+00A7 (decimal 167)
   defining Unicode char U+00B6 (decimal 182)
   defining Unicode char U+00B7 (decimal 183)
   defining Unicode char U+2020 (decimal 8224)
   defining Unicode char U+2021 (decimal 8225)
   defining Unicode char U+2022 (decimal 8226)
)
Now handling font encoding OMX ...
... no UTF-8 mapping file for font encoding OMX
Now handling font encoding U ...
... no UTF-8 mapping file for font encoding U
Now handling font encoding PD1 ...
... no UTF-8 mapping file for font encoding PD1
   defining Unicode char U+00A9 (decimal 169)
   defining Unicode char U+00AA (decimal 170)
   defining Unicode char U+00AE (decimal 174)
   defining Unicode char U+00BA (decimal 186)
   defining Unicode char U+02C6 (decimal 710)
   defining Unicode char U+02DC (decimal 732)
   defining Unicode char U+200C (decimal 8204)
   defining Unicode char U+2026 (decimal 8230)
   defining Unicode char U+2122 (decimal 8482)
   defining Unicode char U+2423 (decimal 9251)
))
   defining Unicode char U+2010 (decimal 8208)

(/usr/share/texlive/texmf-dist/tex/latex/caption/caption.sty
Package: caption 2016/02/21 v3.3-144 Customizing captions (AR)

(/usr/share/texlive/texmf-dist/tex/latex/caption/caption3.sty
Package: caption3 2016/02/04 v1.7-139 caption3 kernel (AR)
Package caption3 Info: TeX engine: e-TeX on input line 67.
\captionmargin=\dimen123
\captionmargin@=\dimen124
\captionwidth=\dimen125
\caption@tempdima=\dimen126
\caption@indent=\dimen127
\caption@parindent=\dimen128
\caption@hangindent=\dimen129
)
\c@ContinuedFloat=\count109
Package caption Info: hyperref package is loaded.
)
(/usr/share/texlive/texmf-dist/tex/latex/subfig/subfig.sty
Package: subfig 2005/06/28 ver: 1.3 subfig package
\c@KVtest=\count110
\sf@farskip=\skip50
\sf@captopadj=\dimen130
\sf@capskip=\skip51
\sf@nearskip=\skip52
\c@subfigure=\count111
\c@subfigure@save=\count112
\c@lofdepth=\count113
\c@subtable=\count114
\c@subtable@save=\count115
\c@lotdepth=\count116
\sf@top=\skip53
\sf@bottom=\skip54
)
(/usr/share/texlive/texmf-dist/tex/latex/multirow/multirow.sty
\bigstrutjot=\dimen131
)
(/usr/share/texlive/texmf-dist/tex/latex/listings/listings.sty
\lst@mode=\count117
\lst@gtempboxa=\box28
\lst@token=\toks26
\lst@length=\count118
\lst@currlwidth=\dimen132
\lst@column=\count119
\lst@pos=\count120
\lst@lostspace=\dimen133
\lst@width=\dimen134
\lst@newlines=\count121
\lst@lineno=\count122
\lst@maxwidth=\dimen135

(/usr/share/texlive/texmf-dist/tex/latex/listings/lstmisc.sty
File: lstmisc.sty 2015/06/04 1.6 (Carsten Heinz)
\c@lstnumber=\count123
\lst@skipnumbers=\count124
\lst@framebox=\box29
)
(/usr/share/texlive/texmf-dist/tex/latex/listings/listings.cfg
File: listings.cfg 2015/06/04 1.6 listings configuration
))
Package: listings 2015/06/04 1.6 (Carsten Heinz)

(/usr/share/texlive/texmf-dist/tex/latex/pdfpages/pdfpages.sty
Package: pdfpages 2015/09/18 v0.5d Insert pages of external PDF documents (AM)

(/usr/share/texlive/texmf-dist/tex/latex/base/ifthen.sty
Package: ifthen 2014/09/29 v1.1c Standard LaTeX ifthen package (DPC)
)
(/usr/share/texlive/texmf-dist/tex/latex/tools/calc.sty
Package: calc 2014/10/28 v4.3 Infix arithmetic (KKT,FJ)
\calc@Acount=\count125
\calc@Bcount=\count126
\calc@Adimen=\dimen136
\calc@Bdimen=\dimen137
\calc@Askip=\skip55
\calc@Bskip=\skip56
LaTeX Info: Redefining \setlength on input line 80.
LaTeX Info: Redefining \addtolength on input line 81.
\calc@Ccount=\count127
\calc@Cskip=\skip57
)
(/usr/share/texlive/texmf-dist/tex/latex/eso-pic/eso-pic.sty
Package: eso-pic 2015/07/21 v2.0g eso-pic (RN)
)
\AM@pagewidth=\dimen138
\AM@pageheight=\dimen139

(/usr/share/texlive/texmf-dist/tex/latex/pdfpages/pppdftex.def
File: pppdftex.def 2015/09/18 v0.5d Pdfpages driver for pdfTeX (AM)
)
\AM@pagebox=\box30
\AM@toc@title=\toks27
\c@AM@survey=\count128
\AM@templatesizebox=\box31
)
(/usr/share/texmf/tex/latex/pgf/frontendlayer/tikz.sty
(/usr/share/texmf/tex/latex/pgf/basiclayer/pgf.sty
(/usr/share/texmf/tex/latex/pgf/utilities/pgfrcs.sty
(/usr/share/texmf/tex/generic/pgf/utilities/pgfutil-common.tex
\pgfutil@everybye=\toks28
)
(/usr/share/texmf/tex/generic/pgf/utilities/pgfutil-latex.def
\pgfutil@abb=\box32

(/usr/share/texlive/texmf-dist/tex/latex/ms/everyshi.sty
Package: everyshi 2001/05/15 v3.00 EveryShipout Package (MS)
))
(/usr/share/texmf/tex/generic/pgf/utilities/pgfrcs.code.tex
Package: pgfrcs 2010/10/25 v2.10 (rcs-revision 1.24)
))
Package: pgf 2008/01/15 v2.10 (rcs-revision 1.12)

(/usr/share/texmf/tex/latex/pgf/basiclayer/pgfcore.sty
(/usr/share/texmf/tex/latex/pgf/systemlayer/pgfsys.sty
(/usr/share/texmf/tex/generic/pgf/systemlayer/pgfsys.code.tex
Package: pgfsys 2010/06/30 v2.10 (rcs-revision 1.37)

(/usr/share/texmf/tex/generic/pgf/utilities/pgfkeys.code.tex
\pgfkeys@pathtoks=\toks29
\pgfkeys@temptoks=\toks30

(/usr/share/texmf/tex/generic/pgf/utilities/pgfkeysfiltered.code.tex
\pgfkeys@tmptoks=\toks31
))
\pgf@x=\dimen140
\pgf@y=\dimen141
\pgf@xa=\dimen142
\pgf@ya=\dimen143
\pgf@xb=\dimen144
\pgf@yb=\dimen145
\pgf@xc=\dimen146
\pgf@yc=\dimen147
\w@pgf@writea=\write3
\r@pgf@reada=\read1
\c@pgf@counta=\count129
\c@pgf@countb=\count130
\c@pgf@countc=\count131
\c@pgf@countd=\count132

(/usr/share/texmf/tex/generic/pgf/systemlayer/pgf.cfg
File: pgf.cfg 2008/05/14  (rcs-revision 1.7)
)
Package pgfsys Info: Driver file for pgf: pgfsys-pdftex.def on input line 900.

(/usr/share/texmf/tex/generic/pgf/systemlayer/pgfsys-pdftex.def
File: pgfsys-pdftex.def 2009/05/22  (rcs-revision 1.26)

(/usr/share/texmf/tex/generic/pgf/systemlayer/pgfsys-common-pdf.def
File: pgfsys-common-pdf.def 2008/05/19  (rcs-revision 1.10)
)))
(/usr/share/texmf/tex/generic/pgf/systemlayer/pgfsyssoftpath.code.tex
File: pgfsyssoftpath.code.tex 2008/07/18  (rcs-revision 1.7)
\pgfsyssoftpath@smallbuffer@items=\count133
\pgfsyssoftpath@bigbuffer@items=\count134
)
(/usr/share/texmf/tex/generic/pgf/systemlayer/pgfsysprotocol.code.tex
File: pgfsysprotocol.code.tex 2006/10/16  (rcs-revision 1.4)
))
(/usr/share/texmf/tex/generic/pgf/basiclayer/pgfcore.code.tex
Package: pgfcore 2010/04/11 v2.10 (rcs-revision 1.7)

(/usr/share/texmf/tex/generic/pgf/math/pgfmath.code.tex
(/usr/share/texmf/tex/generic/pgf/math/pgfmathcalc.code.tex
(/usr/share/texmf/tex/generic/pgf/math/pgfmathutil.code.tex)
(/usr/share/texmf/tex/generic/pgf/math/pgfmathparser.code.tex
\pgfmath@dimen=\dimen148
\pgfmath@count=\count135
\pgfmath@box=\box33
\pgfmath@toks=\toks32
\pgfmath@stack@operand=\toks33
\pgfmath@stack@operation=\toks34
)
(/usr/share/texmf/tex/generic/pgf/math/pgfmathfunctions.code.tex
(/usr/share/texmf/tex/generic/pgf/math/pgfmathfunctions.basic.code.tex)
(/usr/share/texmf/tex/generic/pgf/math/pgfmathfunctions.trigonometric.code.tex)
(/usr/share/texmf/tex/generic/pgf/math/pgfmathfunctions.random.code.tex)
(/usr/share/texmf/tex/generic/pgf/math/pgfmathfunctions.comparison.code.tex)
(/usr/share/texmf/tex/generic/pgf/math/pgfmathfunctions.base.code.tex)
(/usr/share/texmf/tex/generic/pgf/math/pgfmathfunctions.round.code.tex)
(/usr/share/texmf/tex/generic/pgf/math/pgfmathfunctions.misc.code.tex)))
(/usr/share/texmf/tex/generic/pgf/math/pgfmathfloat.code.tex
\c@pgfmathroundto@lastzeros=\count136
))
(/usr/share/texmf/tex/generic/pgf/basiclayer/pgfcorepoints.code.tex
File: pgfcorepoints.code.tex 2010/04/09  (rcs-revision 1.20)
\pgf@picminx=\dimen149
\pgf@picmaxx=\dimen150
\pgf@picminy=\dimen151
\pgf@picmaxy=\dimen152
\pgf@pathminx=\dimen153
\pgf@pathmaxx=\dimen154
\pgf@pathminy=\dimen155
\pgf@pathmaxy=\dimen156
\pgf@xx=\dimen157
\pgf@xy=\dimen158
\pgf@yx=\dimen159
\pgf@yy=\dimen160
\pgf@zx=\dimen161
\pgf@zy=\dimen162
)
(/usr/share/texmf/tex/generic/pgf/basiclayer/pgfcorepathconstruct.code.tex
File: pgfcorepathconstruct.code.tex 2010/08/03  (rcs-revision 1.24)
\pgf@path@lastx=\dimen163
\pgf@path@lasty=\dimen164
)
(/usr/share/texmf/tex/generic/pgf/basiclayer/pgfcorepathusage.code.tex
File: pgfcorepathusage.code.tex 2008/04/22  (rcs-revision 1.12)
\pgf@shorten@end@additional=\dimen165
\pgf@shorten@start@additional=\dimen166
)
(/usr/share/texmf/tex/generic/pgf/basiclayer/pgfcorescopes.code.tex
File: pgfcorescopes.code.tex 2010/09/08  (rcs-revision 1.34)
\pgfpic=\box34
\pgf@hbox=\box35
\pgf@layerbox@main=\box36
\pgf@picture@serial@count=\count137
)
(/usr/share/texmf/tex/generic/pgf/basiclayer/pgfcoregraphicstate.code.tex
File: pgfcoregraphicstate.code.tex 2008/04/22  (rcs-revision 1.9)
\pgflinewidth=\dimen167
)
(/usr/share/texmf/tex/generic/pgf/basiclayer/pgfcoretransformations.code.tex
File: pgfcoretransformations.code.tex 2009/06/10  (rcs-revision 1.11)
\pgf@pt@x=\dimen168
\pgf@pt@y=\dimen169
\pgf@pt@temp=\dimen170
)
(/usr/share/texmf/tex/generic/pgf/basiclayer/pgfcorequick.code.tex
File: pgfcorequick.code.tex 2008/10/09  (rcs-revision 1.3)
)
(/usr/share/texmf/tex/generic/pgf/basiclayer/pgfcoreobjects.code.tex
File: pgfcoreobjects.code.tex 2006/10/11  (rcs-revision 1.2)
)
(/usr/share/texmf/tex/generic/pgf/basiclayer/pgfcorepathprocessing.code.tex
File: pgfcorepathprocessing.code.tex 2008/10/09  (rcs-revision 1.8)
)
(/usr/share/texmf/tex/generic/pgf/basiclayer/pgfcorearrows.code.tex
File: pgfcorearrows.code.tex 2008/04/23  (rcs-revision 1.11)
)
(/usr/share/texmf/tex/generic/pgf/basiclayer/pgfcoreshade.code.tex
File: pgfcoreshade.code.tex 2008/11/23  (rcs-revision 1.13)
\pgf@max=\dimen171
\pgf@sys@shading@range@num=\count138
)
(/usr/share/texmf/tex/generic/pgf/basiclayer/pgfcoreimage.code.tex
File: pgfcoreimage.code.tex 2010/03/25  (rcs-revision 1.16)

(/usr/share/texmf/tex/generic/pgf/basiclayer/pgfcoreexternal.code.tex
File: pgfcoreexternal.code.tex 2010/09/01  (rcs-revision 1.17)
\pgfexternal@startupbox=\box37
))
(/usr/share/texmf/tex/generic/pgf/basiclayer/pgfcorelayers.code.tex
File: pgfcorelayers.code.tex 2010/08/27  (rcs-revision 1.2)
)
(/usr/share/texmf/tex/generic/pgf/basiclayer/pgfcoretransparency.code.tex
File: pgfcoretransparency.code.tex 2008/01/17  (rcs-revision 1.2)
)
(/usr/share/texmf/tex/generic/pgf/basiclayer/pgfcorepatterns.code.tex
File: pgfcorepatterns.code.tex 2009/07/02  (rcs-revision 1.3)
)))
(/usr/share/texmf/tex/generic/pgf/modules/pgfmoduleshapes.code.tex
File: pgfmoduleshapes.code.tex 2010/09/09  (rcs-revision 1.13)
\pgfnodeparttextbox=\box38
)
(/usr/share/texmf/tex/generic/pgf/modules/pgfmoduleplot.code.tex
File: pgfmoduleplot.code.tex 2010/10/22  (rcs-revision 1.8)
)
(/usr/share/texmf/tex/latex/pgf/compatibility/pgfcomp-version-0-65.sty
Package: pgfcomp-version-0-65 2007/07/03 v2.10 (rcs-revision 1.7)
\pgf@nodesepstart=\dimen172
\pgf@nodesepend=\dimen173
)
(/usr/share/texmf/tex/latex/pgf/compatibility/pgfcomp-version-1-18.sty
Package: pgfcomp-version-1-18 2007/07/23 v2.10 (rcs-revision 1.1)
))
(/usr/share/texmf/tex/latex/pgf/utilities/pgffor.sty
(/usr/share/texmf/tex/latex/pgf/utilities/pgfkeys.sty
(/usr/share/texmf/tex/generic/pgf/utilities/pgfkeys.code.tex))
(/usr/share/texmf/tex/generic/pgf/utilities/pgffor.code.tex
Package: pgffor 2010/03/23 v2.10 (rcs-revision 1.18)
\pgffor@iter=\dimen174
\pgffor@skip=\dimen175
\pgffor@stack=\toks35
\pgffor@toks=\toks36
))
(/usr/share/texmf/tex/generic/pgf/frontendlayer/tikz/tikz.code.tex
Package: tikz 2010/10/13 v2.10 (rcs-revision 1.76)

(/usr/share/texmf/tex/generic/pgf/libraries/pgflibraryplothandlers.code.tex
File: pgflibraryplothandlers.code.tex 2010/05/31 v2.10 (rcs-revision 1.15)
\pgf@plot@mark@count=\count139
\pgfplotmarksize=\dimen176
)
\tikz@lastx=\dimen177
\tikz@lasty=\dimen178
\tikz@lastxsaved=\dimen179
\tikz@lastysaved=\dimen180
\tikzleveldistance=\dimen181
\tikzsiblingdistance=\dimen182
\tikz@figbox=\box39
\tikz@tempbox=\box40
\tikztreelevel=\count140
\tikznumberofchildren=\count141
\tikznumberofcurrentchild=\count142
\tikz@fig@count=\count143

(/usr/share/texmf/tex/generic/pgf/modules/pgfmodulematrix.code.tex
File: pgfmodulematrix.code.tex 2010/08/24  (rcs-revision 1.4)
\pgfmatrixcurrentrow=\count144
\pgfmatrixcurrentcolumn=\count145
\pgf@matrix@numberofcolumns=\count146
)
\tikz@expandcount=\count147

(/usr/share/texmf/tex/generic/pgf/frontendlayer/tikz/libraries/tikzlibrarytopat
hs.code.tex
File: tikzlibrarytopaths.code.tex 2008/06/17 v2.10 (rcs-revision 1.2)
)))
(/usr/share/texmf/tex/generic/pgf/frontendlayer/tikz/libraries/tikzlibraryarrow
s.code.tex
File: tikzlibraryarrows.code.tex 2008/01/09 v2.10 (rcs-revision 1.1)

(/usr/share/texmf/tex/generic/pgf/libraries/pgflibraryarrows.code.tex
File: pgflibraryarrows.code.tex 2008/10/27 v2.10 (rcs-revision 1.9)
\arrowsize=\dimen183
))
(/usr/share/texmf/tex/generic/pgf/frontendlayer/tikz/libraries/tikzlibrarycalc.
code.tex
File: tikzlibrarycalc.code.tex 2009/09/04 v2.10 (rcs-revision 1.6)
)
(/usr/share/texmf/tex/generic/pgf/frontendlayer/tikz/libraries/tikzlibrarydecor
ations.markings.code.tex
(/usr/share/texmf/tex/generic/pgf/frontendlayer/tikz/libraries/tikzlibrarydecor
ations.code.tex
(/usr/share/texmf/tex/generic/pgf/modules/pgfmoduledecorations.code.tex
\pgfdecoratedcompleteddistance=\dimen184
\pgfdecoratedremainingdistance=\dimen185
\pgfdecoratedinputsegmentcompleteddistance=\dimen186
\pgfdecoratedinputsegmentremainingdistance=\dimen187
\pgf@decorate@distancetomove=\dimen188
\pgf@decorate@repeatstate=\count148
\pgfdecorationsegmentamplitude=\dimen189
\pgfdecorationsegmentlength=\dimen190
)
\tikz@lib@dec@box=\box41
)
(/usr/share/texmf/tex/generic/pgf/libraries/decorations/pgflibrarydecorations.m
arkings.code.tex))
(/usr/share/texmf/tex/generic/pgf/frontendlayer/tikz/libraries/tikzlibraryposit
ioning.code.tex
File: tikzlibrarypositioning.code.tex 2008/10/06 v2.10 (rcs-revision 1.7)
) (./cores.tex)
Package hyperref Info: Option `colorlinks' set `true' on input line 165.
 (./monografia.aux

LaTeX Warning: Label `fig:bioLuz' multiply defined.

)
\openout1 = `monografia.aux'.

LaTeX Font Info:    Checking defaults for OML/cmm/m/it on input line 195.
LaTeX Font Info:    ... okay on input line 195.
LaTeX Font Info:    Checking defaults for T1/cmr/m/n on input line 195.
LaTeX Font Info:    ... okay on input line 195.
LaTeX Font Info:    Checking defaults for OT1/cmr/m/n on input line 195.
LaTeX Font Info:    ... okay on input line 195.
LaTeX Font Info:    Checking defaults for OMS/cmsy/m/n on input line 195.
LaTeX Font Info:    ... okay on input line 195.
LaTeX Font Info:    Checking defaults for OMX/cmex/m/n on input line 195.
LaTeX Font Info:    ... okay on input line 195.
LaTeX Font Info:    Checking defaults for U/cmr/m/n on input line 195.
LaTeX Font Info:    ... okay on input line 195.
LaTeX Font Info:    Checking defaults for PD1/pdf/m/n on input line 195.
LaTeX Font Info:    ... okay on input line 195.
\AtBeginShipoutBox=\box42
Package backref Info: ** backref set up for natbib ** on input line 195.
Package hyperref Info: Link coloring ON on input line 195.
 (/usr/share/texlive/texmf-dist/tex/latex/hyperref/nameref.sty
Package: nameref 2012/10/27 v2.43 Cross-referencing by name of section

(/usr/share/texlive/texmf-dist/tex/generic/oberdiek/gettitlestring.sty
Package: gettitlestring 2010/12/03 v1.4 Cleanup title references (HO)
)
\c@section@level=\count149
)
LaTeX Info: Redefining \ref on input line 195.
LaTeX Info: Redefining \pageref on input line 195.
LaTeX Info: Redefining \nameref on input line 195.

(./monografia.out) (./monografia.out)
\@outlinefile=\write4
\openout4 = `monografia.out'.


(/usr/share/texlive/texmf-dist/tex/context/base/supp-pdf.mkii
[Loading MPS to PDF converter (version 2006.09.02).]
\scratchcounter=\count150
\scratchdimen=\dimen191
\scratchbox=\box43
\nofMPsegments=\count151
\nofMParguments=\count152
\everyMPshowfont=\toks37
\MPscratchCnt=\count153
\MPscratchDim=\dimen192
\MPnumerator=\count154
\makeMPintoPDFobject=\count155
\everyMPtoPDFconversion=\toks38
) (/usr/share/texlive/texmf-dist/tex/latex/oberdiek/epstopdf-base.sty
Package: epstopdf-base 2010/02/09 v2.5 Base part for package epstopdf

(/usr/share/texlive/texmf-dist/tex/latex/oberdiek/grfext.sty
Package: grfext 2010/08/19 v1.1 Manage graphics extensions (HO)
)
Package grfext Info: Graphics extension search list:
(grfext)             [.png,.pdf,.jpg,.mps,.jpeg,.jbig2,.jb2,.PNG,.PDF,.JPG,.JPE
G,.JBIG2,.JB2,.eps]
(grfext)             \AppendGraphicsExtensions on input line 452.

(/usr/share/texlive/texmf-dist/tex/latex/latexconfig/epstopdf-sys.cfg
File: epstopdf-sys.cfg 2010/07/13 v1.3 Configuration of (r)epstopdf for TeX Liv
e
))
*geometry* driver: auto-detecting
*geometry* detected driver: pdftex
*geometry* verbose mode - [ preamble ] result:
* driver: pdftex
* paper: a4paper
* layout: <same size as paper>
* layoutoffset:(h,v)=(0.0pt,0.0pt)
* modes: includefoot 
* h-part:(L,W,R)=(71.13188pt, 455.24411pt, 71.13188pt)
* v-part:(T,H,B)=(85.35826pt, 702.78308pt, 56.9055pt)
* \paperwidth=597.50787pt
* \paperheight=845.04684pt
* \textwidth=455.24411pt
* \textheight=672.78308pt
* \oddsidemargin=-1.1381pt
* \evensidemargin=-1.1381pt
* \topmargin=-26.91173pt
* \headheight=15.0pt
* \headsep=25.0pt
* \topskip=12.0pt
* \footskip=30.0pt
* \marginparwidth=44.0pt
* \marginparsep=10.0pt
* \columnsep=10.0pt
* \skip\footins=10.8pt plus 4.0pt minus 2.0pt
* \hoffset=0.0pt
* \voffset=0.0pt
* \mag=1000
* \@twocolumnfalse
* \@twosidefalse
* \@mparswitchfalse
* \@reversemarginfalse
* (1in=72.27pt=25.4mm, 1cm=28.453pt)

(/usr/share/texlive/texmf-dist/tex/latex/hypernat/hypernat.sty
Package: hypernat 2001/07/09 v1.0b hyperref and natbib compatibility (jb)
)
(/usr/share/texlive/texmf-dist/tex/latex/oberdiek/hypcap.sty
Package: hypcap 2011/02/16 v1.11 Adjusting the anchors of captions (HO)
)
Package caption Info: Begin \AtBeginDocument code.
Package caption Info: subfig package v1.3 is loaded.
Package caption Info: hypcap package is loaded.
Package caption Info: listings package is loaded.
Package caption Info: End \AtBeginDocument code.
\c@lstlisting=\count156

(/usr/share/texlive/texmf-dist/tex/latex/oberdiek/pdflscape.sty
Package: pdflscape 2008/08/11 v0.10 Display of landscape pages in PDF (HO)

(/usr/share/texlive/texmf-dist/tex/latex/graphics/lscape.sty
Package: lscape 2000/10/22 v3.01 Landscape Pages (DPC)
)
Package pdflscape Info: Auto-detected driver: pdftex on input line 80.
)
ABD: EveryShipout initializing macros
\len@brasiliaw=\skip58
\len@uadesch=\skip59
\len@uacaph=\skip60
LaTeX Font Info:    Try loading font information for T1+ua1 on input line 196.
LaTeX Font Info:    No file T1ua1.fd. on input line 196.


LaTeX Font Warning: Font shape `T1/ua1/bx/n' undefined
(Font)              using `T1/cmr/m/n' instead on input line 196.


LaTeX Font Warning: Font shape `T1/cmr/m/n' in size <20> not available
(Font)              size <20.74> substituted on input line 196.


LaTeX Font Warning: Font shape `T1/ua1/bx/n' in size <20> not available
(Font)              size <20.74> substituted on input line 196.

<positivo_cor.pdf, id=191, 119.44624pt x 60.225pt>
File: positivo_cor.pdf Graphic file (type pdf)
 <use positivo_cor.pdf>
Package pdftex.def Info: positivo_cor.pdf used on input line 196.
(pdftex.def)             Requested size: 61.76747pt x 31.14256pt.
\len@lskipoffset=\skip61
\len@lskipoffset=\skip62
LaTeX Font Info:    External font `cmex10' loaded for size
(Font)              <12> on input line 196.
LaTeX Font Info:    External font `cmex10' loaded for size
(Font)              <8> on input line 196.
LaTeX Font Info:    External font `cmex10' loaded for size
(Font)              <6> on input line 196.

[1



{/var/lib/texmf/fonts/map/pdftex/updmap/pdftex.map} <./positivo_cor.pdf>]
\@tempa=\count157

[2

]
\len@brasiliaw=\skip63
\len@uadesch=\skip64
\len@uacaph=\skip65
File: positivo_cor.pdf Graphic file (type pdf)
 <use positivo_cor.pdf>
Package pdftex.def Info: positivo_cor.pdf used on input line 196.
(pdftex.def)             Requested size: 61.76747pt x 31.14256pt.
\len@lskipoffset=\skip66
\len@lskipoffset=\skip67
 [3

]pdfTeX warning (ext4): destination with the same identifier (name{page.i}) has
 been already used, duplicate ignored
<to be read again> 
                   \relax 
l.207   \begin{resumo}
                       [1



]
Overfull \hbox (20.7756pt too wide) in paragraph at lines 209--210
\T1/cmr/bx/n/12 Palavras-chave: \T1/cmr/m/n/12 Bioin-for-mática, Re-des Metaból
i-cas, Grafo, In-ter-ação Humano-Computador,
 []

pdfTeX warning (ext4): destination with the same identifier (name{page.ii}) has
 been already used, duplicate ignored
<to be read again> 
                   \relax 
l.212   \begin{abstract}
                         [2


]

Package babel Warning: You haven't loaded the language english yet
(babel)                I'll proceed, but expect unexpected results.
(babel)                Reported on input line 212.

pdfTeX warning (ext4): destination with the same identifier (name{page.iii}) ha
s been already used, duplicate ignored
<to be read again> 
                   \relax 
l.217   \tableofcontents
                         [3


] (./monografia.toc [4

])
\tf@toc=\write5
\openout5 = `monografia.toc'.

 [5] (./monografia.lof
Overfull \hbox (2.28952pt too wide) in paragraph at lines 14--14
 [][] [][][]\T1/cmr/m/n/12 Representação de uma re-a-ção bi-oquí-mica ca-ta-li-
sada por uma en-zima. Adap- 
 []

[6

])
\tf@lof=\write6
\openout6 = `monografia.lof'.

 [7] (./monografia.lot)
\tf@lot=\write7
\openout7 = `monografia.lot'.

 [8

] (./capitulos/capitulo1.tex
Cap\'{\i }tulo 1.
[1


]
Overfull \hbox (13.06647pt too wide) in paragraph at lines 32--33
[]\T1/cmr/m/n/12 No Ca-pí-tulo 2, se-rão apre-sen-ta-dos os con-cei-tos bá-si-c
os de In-te-ra-ção Humano-Computador
 []

[2]) (./capitulos/capitulo2.tex [3]
Cap\'{\i }tulo 2.
[4

] <./figuras/affordance.png, id=474, 288.3272pt x 164.86594pt>
File: ./figuras/affordance.png Graphic file (type png)

<use ./figuras/affordance.png>
Package pdftex.def Info: ./figuras/affordance.png used on input line 26.
(pdftex.def)             Requested size: 182.09486pt x 104.12518pt.
 [5 <./figuras/affordance.png>] [6] [7]
Overfull \vbox (43.49995pt too high) detected at line 97
 []


Overfull \vbox (43.49995pt too high) detected at line 104
 []


Overfull \hbox (4.79561pt too wide) in paragraph at lines 93--127
 [][] 
 []

[8] [9]
LaTeX Font Info:    Try loading font information for OMS+cmr on input line 139.

 (/usr/share/texlive/texmf-dist/tex/latex/base/omscmr.fd
File: omscmr.fd 2014/09/29 v2.5h Standard LaTeX font definitions
)
LaTeX Font Info:    Font shape `OMS/cmr/m/n' in size <12> not available
(Font)              Font shape `OMS/cmsy/m/n' tried instead on input line 139.
 [10] [11]
<./figuras/mapaDeObjetivosGeral.png, id=540, 695.59875pt x 788.9475pt>
File: ./figuras/mapaDeObjetivosGeral.png Graphic file (type png)

<use ./figuras/mapaDeObjetivosGeral.png>
Package pdftex.def Info: ./figuras/mapaDeObjetivosGeral.png used on input line 
232.
(pdftex.def)             Requested size: 227.62206pt x 258.16249pt.


LaTeX Warning: `!h' float specifier changed to `!ht'.

[12] [13 <./figuras/mapaDeObjetivosGeral.png>]
<./figuras/modelagemDeTarefas.png, id=552, 2559.5625pt x 1614.7828pt>
File: ./figuras/modelagemDeTarefas.png Graphic file (type png)

<use ./figuras/modelagemDeTarefas.png>
Package pdftex.def Info: ./figuras/modelagemDeTarefas.png used on input line 25
9.
(pdftex.def)             Requested size: 455.24411pt x 287.19882pt.
 [14 <./figuras/modelagemDeTarefas.png>]) (./capitulos/capitulo3.tex [15]
Cap\'{\i }tulo 3.
LaTeX Font Info:    External font `cmex10' loaded for size
(Font)              <7> on input line 14.
LaTeX Font Info:    External font `cmex10' loaded for size
(Font)              <5> on input line 14.
[16

] <./figuras/nucleotideo.png, id=584, 52.998pt x 31.317pt>
File: ./figuras/nucleotideo.png Graphic file (type png)

<use ./figuras/nucleotideo.png>
Package pdftex.def Info: ./figuras/nucleotideo.png used on input line 24.
(pdftex.def)             Requested size: 227.62206pt x 134.53809pt.

<./figuras/dnaEstrutura.jpg, id=589, 150.8034pt x 139.4811pt>
File: ./figuras/dnaEstrutura.jpg Graphic file (type jpg)

<use ./figuras/dnaEstrutura.jpg>
Package pdftex.def Info: ./figuras/dnaEstrutura.jpg used on input line 35.
(pdftex.def)             Requested size: 318.66948pt x 294.78545pt.


LaTeX Warning: `h' float specifier changed to `ht'.

[17 <./figuras/nucleotideo.png>]
<./figuras/EstruturasDaProteina.png, id=605, 580.3281pt x 265.9536pt>
File: ./figuras/EstruturasDaProteina.png Graphic file (type png)

<use ./figuras/EstruturasDaProteina.png>
Package pdftex.def Info: ./figuras/EstruturasDaProteina.png used on input line 
53.
(pdftex.def)             Requested size: 455.24411pt x 208.63199pt.


LaTeX Warning: `h' float specifier changed to `ht'.

[18 <./figuras/dnaEstrutura.jpg>]
<./figuras/sinteseProteina.png, id=619, 186.6975pt x 186.6975pt>
File: ./figuras/sinteseProteina.png Graphic file (type png)

<use ./figuras/sinteseProteina.png>
Package pdftex.def Info: ./figuras/sinteseProteina.png used on input line 68.
(pdftex.def)             Requested size: 182.09486pt x 182.10196pt.


LaTeX Warning: `h' float specifier changed to `ht'.

[19 <./figuras/EstruturasDaProteina.png>] [20 <./figuras/sinteseProteina.png>]

LaTeX Warning: Reference `reacaoBio' on page 21 undefined on input line 124.

<./figuras/reacaoBio.png, id=640, 385.44pt x 120.63531pt>
File: ./figuras/reacaoBio.png Graphic file (type png)

<use ./figuras/reacaoBio.png>
Package pdftex.def Info: ./figuras/reacaoBio.png used on input line 128.
(pdftex.def)             Requested size: 409.71692pt x 128.2336pt.
 [21 <./figuras/reacaoBio.png>]
<./figuras/bioLuz.png, id=656, 738.76pt x 493.845pt>
File: ./figuras/bioLuz.png Graphic file (type png)

<use ./figuras/bioLuz.png>
Package pdftex.def Info: ./figuras/bioLuz.png used on input line 139.
(pdftex.def)             Requested size: 341.43307pt x 228.24149pt.

<./figuras/mitoseEmeiose.jpg, id=663, 663.22781pt x 455.45157pt>
File: ./figuras/mitoseEmeiose.jpg Graphic file (type jpg)

<use ./figuras/mitoseEmeiose.jpg>
Package pdftex.def Info: ./figuras/mitoseEmeiose.jpg used on input line 152.
(pdftex.def)             Requested size: 250.38564pt x 171.9406pt.


LaTeX Warning: `h' float specifier changed to `ht'.

[22 <./figuras/bioLuz.png>]
<./figuras/metSecundario.png, id=683, 825.0825pt x 172.39406pt>
File: ./figuras/metSecundario.png Graphic file (type png)

<use ./figuras/metSecundario.png>
Package pdftex.def Info: ./figuras/metSecundario.png used on input line 173.
(pdftex.def)             Requested size: 364.19667pt x 76.09561pt.


LaTeX Warning: `h' float specifier changed to `ht'.

[23 <./figuras/mitoseEmeiose.jpg>] [24 <./figuras/metSecundario.png>]
Underfull \hbox (badness 10000) in paragraph at lines 205--206

 []

LaTeX Font Info:    Try loading font information for T1+cmtt on input line 207.

(/usr/share/texlive/texmf-dist/tex/latex/base/t1cmtt.fd
File: t1cmtt.fd 2014/09/29 v2.5h Standard LaTeX font definitions
)
<./figuras/reactomeBrowser_idBW.png, id=716, 998.22937pt x 492.33937pt>
File: ./figuras/reactomeBrowser_idBW.png Graphic file (type png)

<use ./figuras/reactomeBrowser_idBW.png>
Package pdftex.def Info: ./figuras/reactomeBrowser_idBW.png used on input line 
215.
(pdftex.def)             Requested size: 455.24411pt x 224.53311pt.


LaTeX Warning: `!h' float specifier changed to `!ht'.


Underfull \hbox (badness 10000) in paragraph at lines 222--224

 []

<./figuras/orcRemovalViaReactome.png, id=719, 376.40625pt x 534.49687pt>
File: ./figuras/orcRemovalViaReactome.png Graphic file (type png)

<use ./figuras/orcRemovalViaReactome.png>
Package pdftex.def Info: ./figuras/orcRemovalViaReactome.png used on input line
 229.
(pdftex.def)             Requested size: 318.66948pt x 452.54652pt.


LaTeX Warning: `!h' float specifier changed to `!ht'.

[25] [26 <./figuras/reactomeBrowser_idBW.png>]
Underfull \hbox (badness 10000) in paragraph at lines 242--243

 []


Underfull \hbox (badness 10000) in paragraph at lines 248--249

 []

[27 <./figuras/orcRemovalViaReactome.png>]
<./figuras/terpenoidBackboneKEGG_idBW.png, id=751, 1028.34187pt x 578.16pt>
File: ./figuras/terpenoidBackboneKEGG_idBW.png Graphic file (type png)

<use ./figuras/terpenoidBackboneKEGG_idBW.png>
Package pdftex.def Info: ./figuras/terpenoidBackboneKEGG_idBW.png used on input
 line 256.
(pdftex.def)             Requested size: 455.24411pt x 255.95268pt.

Underfull \hbox (badness 10000) in paragraph at lines 261--262

 []


Underfull \hbox (badness 10000) in paragraph at lines 263--267

 []

[28 <./figuras/terpenoidBackboneKEGG_idBW.png>]
Underfull \hbox (badness 10000) in paragraph at lines 276--277

 []


Underfull \hbox (badness 10000) in paragraph at lines 278--282

 []

[29] <./figuras/terpenoidViaKEGG.png, id=774, 746.79pt x 950.04938pt>
File: ./figuras/terpenoidViaKEGG.png Graphic file (type png)

<use ./figuras/terpenoidViaKEGG.png>
Package pdftex.def Info: ./figuras/terpenoidViaKEGG.png used on input line 287.

(pdftex.def)             Requested size: 455.24411pt x 579.15237pt.
 [30 <./figuras/terpenoidViaKEGG.png>]
Underfull \hbox (badness 10000) in paragraph at lines 298--299

 []


Underfull \hbox (badness 10000) in paragraph at lines 304--305

 []


Underfull \hbox (badness 10000) in paragraph at lines 306--309

 []


Underfull \hbox (badness 10000) in paragraph at lines 310--311

 []

[31] <./figuras/bioLuz_id.png, id=798, 1182.4175pt x 1432.35126pt>
File: ./figuras/bioLuz_id.png Graphic file (type png)

<use ./figuras/bioLuz_id.png>
Package pdftex.def Info: ./figuras/bioLuz_id.png used on input line 314.
(pdftex.def)             Requested size: 455.24411pt x 551.46786pt.
 [32 <./figuras/bioLuz_id.png>]
Underfull \hbox (badness 10000) in paragraph at lines 342--343

 []

[33] <./figuras/2PathDB.png, id=817, 706.89093pt x 1109.64563pt>
File: ./figuras/2PathDB.png Graphic file (type png)

<use ./figuras/2PathDB.png>
Package pdftex.def Info: ./figuras/2PathDB.png used on input line 346.
(pdftex.def)             Requested size: 341.43307pt x 535.97635pt.
) (./capitulos/capitulo4.tex [34 <./figuras/2PathDB.png>]
Cap\'{\i }tulo 4.
[35

]

LaTeX Warning: Float too large for page by 9.71652pt on input line 49.

[36] [37] [38]
<./figuras/mapaDeObjetivos.png, id=850, 2258.4375pt x 1119.43219pt>
File: ./figuras/mapaDeObjetivos.png Graphic file (type png)

<use ./figuras/mapaDeObjetivos.png>
Package pdftex.def Info: ./figuras/mapaDeObjetivos.png used on input line 81.
(pdftex.def)             Requested size: 455.24411pt x 225.64183pt.

<./figuras/objetivo_enzima.png, id=851, 764.8575pt x 545.03625pt>
File: ./figuras/objetivo_enzima.png Graphic file (type png)

<use ./figuras/objetivo_enzima.png>
Package pdftex.def Info: ./figuras/objetivo_enzima.png used on input line 87.
(pdftex.def)             Requested size: 364.19667pt x 259.52696pt.
 [39 <./figuras/mapaDeObjetivos.png> <./figuras/objetivo_enzima.png>]
<./figuras/objetivo_enzima_organismo.png, id=858, 3252.90282pt x 1446.15282pt>
File: ./figuras/objetivo_enzima_organismo.png Graphic file (type png)

<use ./figuras/objetivo_enzima_organismo.png>
Package pdftex.def Info: ./figuras/objetivo_enzima_organismo.png used on input 
line 95.
(pdftex.def)             Requested size: 455.24411pt x 202.37175pt.

<./figuras/objetivo_pathway.png, id=859, 911.65594pt x 537.50812pt>
File: ./figuras/objetivo_pathway.png Graphic file (type png)

<use ./figuras/objetivo_pathway.png>
Package pdftex.def Info: ./figuras/objetivo_pathway.png used on input line 102.

(pdftex.def)             Requested size: 455.24411pt x 268.41713pt.
 [40 <./figuras/objetivo_enzima_organismo.png> <./figuras/objetivo_pathway.png>
]
<./figuras/objetivo_pathway_organismo.png, id=866, 3586.39874pt x 1472.50125pt>
File: ./figuras/objetivo_pathway_organismo.png Graphic file (type png)
<use ./figuras/objetivo_pathway_organismo.png>
Package pdftex.def Info: ./figuras/objetivo_pathway_organismo.png used on input
 line 109.
(pdftex.def)             Requested size: 455.24411pt x 186.89323pt.

Overfull \hbox (16.8593pt too wide) in paragraph at lines 126--139
 [][] 
 []

[41 <./figuras/objetivo_pathway_organismo.png>] [42]
<./figuras/nodeslinksD3.png, id=882, 705.38531pt x 378.66469pt>
File: ./figuras/nodeslinksD3.png Graphic file (type png)

<use ./figuras/nodeslinksD3.png>
Package pdftex.def Info: ./figuras/nodeslinksD3.png used on input line 158.
(pdftex.def)             Requested size: 273.14923pt x 146.63281pt.
 [43 <./figuras/nodeslinksD3.png>]
<./figuras/2path_home.png, id=893, 913.16156pt x 454.69875pt>
File: ./figuras/2path_home.png Graphic file (type png)

<use ./figuras/2path_home.png>
Package pdftex.def Info: ./figuras/2path_home.png used on input line 173.
(pdftex.def)             Requested size: 455.24411pt x 226.68275pt.

<./figuras/2path_search.png, id=894, 931.98187pt x 467.49657pt>
File: ./figuras/2path_search.png Graphic file (type png)

<use ./figuras/2path_search.png>
Package pdftex.def Info: ./figuras/2path_search.png used on input line 180.
(pdftex.def)             Requested size: 455.24411pt x 228.35484pt.
 [44 <./figuras/2path_home.png> <./figuras/2path_search.png>] <./figuras/2path_
enzyme.png, id=904, 952.30782pt x 463.7325pt>
File: ./figuras/2path_enzyme.png Graphic file (type png)

<use ./figuras/2path_enzyme.png>
Package pdftex.def Info: ./figuras/2path_enzyme.png used on input line 191.
(pdftex.def)             Requested size: 455.24411pt x 221.68333pt.

<./figuras/2path_enzyme_graph.png, id=905, 899.61093pt x 439.6425pt>
File: ./figuras/2path_enzyme_graph.png Graphic file (type png)

<use ./figuras/2path_enzyme_graph.png>
Package pdftex.def Info: ./figuras/2path_enzyme_graph.png used on input line 19
8.
(pdftex.def)             Requested size: 455.24411pt x 222.47723pt.
 [45 <./figuras/2path_enzyme.png> <./figuras/2path_enzyme_graph.png>]
<./figuras/2path_pathway_org.png, id=914, 923.70094pt x 446.41782pt>
File: ./figuras/2path_pathway_org.png Graphic file (type png)

<use ./figuras/2path_pathway_org.png>
Package pdftex.def Info: ./figuras/2path_pathway_org.png used on input line 207
.
(pdftex.def)             Requested size: 455.24411pt x 220.01363pt.

<./figuras/2path_pathway_graph.png, id=915, 913.91437pt x 558.58687pt>
File: ./figuras/2path_pathway_graph.png Graphic file (type png)

<use ./figuras/2path_pathway_graph.png>
Package pdftex.def Info: ./figuras/2path_pathway_graph.png used on input line 2
14.
(pdftex.def)             Requested size: 455.24411pt x 278.24437pt.
 [46 <./figuras/2path_pathway_org.png> <./figuras/2path_pathway_graph.png>]) (.
/capitulos/capitulo5.tex [47]
Cap\'{\i }tulo 5.
[48

] [49] [50] [51] [52]
<./figuras/new_search_page.png, id=957, 930.47626pt x 490.08093pt>
File: ./figuras/new_search_page.png Graphic file (type png)

<use ./figuras/new_search_page.png>
Package pdftex.def Info: ./figuras/new_search_page.png used on input line 158.
(pdftex.def)             Requested size: 455.24411pt x 239.77533pt.

<./figuras/new_message_success.png, id=958, 945.5325pt x 490.83376pt>
File: ./figuras/new_message_success.png Graphic file (type png)

<use ./figuras/new_message_success.png>
Package pdftex.def Info: ./figuras/new_message_success.png used on input line 1
65.
(pdftex.def)             Requested size: 455.24411pt x 236.324pt.


LaTeX Warning: `!h' float specifier changed to `!ht'.

<./figuras/new_message_error.png, id=959, 947.03813pt x 487.8225pt>
File: ./figuras/new_message_error.png Graphic file (type png)

<use ./figuras/new_message_error.png>
Package pdftex.def Info: ./figuras/new_message_error.png used on input line 172
.
(pdftex.def)             Requested size: 455.24411pt x 234.49454pt.


LaTeX Warning: `!h' float specifier changed to `!ht'.

<./figuras/new_legenda.png, id=960, 272.51813pt x 291.33844pt>
File: ./figuras/new_legenda.png Graphic file (type png)

<use ./figuras/new_legenda.png>
Package pdftex.def Info: ./figuras/new_legenda.png used on input line 179.
(pdftex.def)             Requested size: 91.04742pt x 97.33336pt.


LaTeX Warning: `!h' float specifier changed to `!ht'.

<./figuras/new_pathway.png, id=961, 917.67844pt x 490.83376pt>
File: ./figuras/new_pathway.png Graphic file (type png)

<use ./figuras/new_pathway.png>
Package pdftex.def Info: ./figuras/new_pathway.png used on input line 186.
(pdftex.def)             Requested size: 455.24411pt x 243.49895pt.


LaTeX Warning: `!h' float specifier changed to `!ht'.

<./figuras/new_enzyme_4_catalyses.png, id=962, 901.86937pt x 491.58656pt>
File: ./figuras/new_enzyme_4_catalyses.png Graphic file (type png)

<use ./figuras/new_enzyme_4_catalyses.png>
Package pdftex.def Info: ./figuras/new_enzyme_4_catalyses.png used on input lin
e 193.
(pdftex.def)             Requested size: 455.24411pt x 248.14798pt.


LaTeX Warning: `!h' float specifier changed to `!ht'.

) (./capitulos/capitulo6.tex [53 <./figuras/new_search_page.png>] [54 <./figura
s/new_message_success.png> <./figuras/new_message_error.png> <./figuras/new_leg
enda.png>] [55 <./figuras/new_pathway.png> <./figuras/new_enzyme_4_catalyses.pn
g>]
Cap\'{\i }tulo 6.
) [56

] (./monografia.bbl (./monografia.brf)
\tf@brf=\write8
\openout8 = `monografia.brf'.


Underfull \hbox (badness 10000) in paragraph at lines 15--15
[]\T1/cmr/m/n/12 Protein syn-te-sis steps.  [][]$\T1/cmtt/m/n/12 http : / / www
 . proteinsynthesis . org /
 []


Underfull \hbox (badness 1168) in paragraph at lines 20--20
[]\T1/cmr/m/n/12 Usersguide.  [][]$\T1/cmtt/m/n/12 http : / / wiki . reactome .
 org / index . php / Usersguide$[][]\T1/cmr/m/n/12 , vi-si-tado em
 []


Underfull \hbox (badness 10000) in paragraph at lines 26--26
[]\T1/cmr/m/n/12 Protein struc-ture, 2009.  [][]$\T1/cmtt/m/n/12 http : / / www
 . particlesciences . com / news /
 []


Underfull \hbox (badness 10000) in paragraph at lines 26--26
\T1/cmtt/m/n/12 technical-[]briefs / 2009 / protein-[]structure . html$[][]\T1/
cmr/m/n/12 , vi-si-tado em 2016-01-02.
 []


Underfull \hbox (badness 6859) in paragraph at lines 69--69
[]\T1/cmr/m/n/12 Aline Mar-ques da Silva Al-meida.  Vi-vendo uma nova era: a te
c-
 []


Underfull \hbox (badness 10000) in paragraph at lines 69--69
\T1/cmr/m/n/12 no-lo-gia e o ho-mem, am-bos in-te-gran-tes de uma so-ci-e-dade 
que pro-
 []


Underfull \hbox (badness 10000) in paragraph at lines 69--69
\T1/cmr/m/n/12 gride rumo ao de-sen-vol-vi-mento, 2014.  [][]$\T1/cmtt/m/n/12 h
ttp : / / www . seduc . mt .
 []


Underfull \hbox (badness 10000) in paragraph at lines 69--69
\T1/cmtt/m/n/12 gov . br / Paginas / Vivendo-[]uma-[]nova-[]era-[]a-[]tecnologi
a-[]e-[]o-[]homem ,[]
 []


Overfull \hbox (24.56906pt too wide) in paragraph at lines 69--69
\T1/cmtt/m/n/12 -[]ambos-[]integrantes-[]de-[]uma-[]sociedade-[]que-[]progride-
[]rumo-[]ao-[]desenvolvimento .
 []

[57


]
Underfull \hbox (badness 10000) in paragraph at lines 107--107
\T1/cmtt/m/n/12 articulate . com / articles / affordance-[]what-[]does-[]it-[]m
ean-[]for-[]e-[]learning$[][]\T1/cmr/m/n/12 ,
 []


Underfull \hbox (badness 10000) in paragraph at lines 129--129
[]\T1/cmr/m/n/12 Leslie Pray.  Dis-co-very of dna struc-ture and func-tion: Wat
-son
 []


Underfull \hbox (badness 10000) in paragraph at lines 129--129
\T1/cmr/m/n/12 and crick, 2008.  [][]$\T1/cmtt/m/n/12 http : / / www . nature .
 com / scitable / topicpage /
 []


Underfull \hbox (badness 3735) in paragraph at lines 129--129
\T1/cmtt/m/n/12 discovery-[]of-[]dna-[]structure-[]and-[]function-[]watson-[]39
7$[][]\T1/cmr/m/n/12 , vi-si-tado em 2016-
 []

) (./capitulos/questionarios_e_tarefas.tex [58]
Ap\^endice A.

<capitulos/questionario_dados_pessoais.pdf, id=1080, 597.23125pt x 845.1575pt>
File: capitulos/questionario_dados_pessoais.pdf Graphic file (type pdf)

<use capitulos/questionario_dados_pessoais.pdf>
Package pdftex.def Info: capitulos/questionario_dados_pessoais.pdf used on inpu
t line 5.
(pdftex.def)             Requested size: 597.22978pt x 845.15544pt.
File: capitulos/questionario_dados_pessoais.pdf Graphic file (type pdf)

<use capitulos/questionario_dados_pessoais.pdf>
Package pdftex.def Info: capitulos/questionario_dados_pessoais.pdf used on inpu
t line 5.
(pdftex.def)             Requested size: 597.22978pt x 845.15544pt.

<capitulos/questionario_dados_pessoais.pdf, id=1083, page=1, 597.23125pt x 845.
1575pt>
File: capitulos/questionario_dados_pessoais.pdf Graphic file (type pdf)
 <use capitulos/questionario_dados_pessoais.pdf, page 1>
Package pdftex.def Info: capitulos/questionario_dados_pessoais.pdf, page1 used 
on input line 5.
(pdftex.def)             Requested size: 597.22978pt x 845.15544pt.
File: capitulos/questionario_dados_pessoais.pdf Graphic file (type pdf)

<use capitulos/questionario_dados_pessoais.pdf, page 1>
Package pdftex.def Info: capitulos/questionario_dados_pessoais.pdf, page1 used 
on input line 5.
(pdftex.def)             Requested size: 597.22978pt x 845.15544pt.
 [59

]
File: capitulos/questionario_dados_pessoais.pdf Graphic file (type pdf)

<use capitulos/questionario_dados_pessoais.pdf, page 1>
Package pdftex.def Info: capitulos/questionario_dados_pessoais.pdf, page1 used 
on input line 5.
(pdftex.def)             Requested size: 597.22978pt x 845.15544pt.
File: capitulos/questionario_dados_pessoais.pdf Graphic file (type pdf)

<use capitulos/questionario_dados_pessoais.pdf, page 1>
Package pdftex.def Info: capitulos/questionario_dados_pessoais.pdf, page1 used 
on input line 5.
(pdftex.def)             Requested size: 597.22978pt x 845.15544pt.
File: capitulos/questionario_dados_pessoais.pdf Graphic file (type pdf)

<use capitulos/questionario_dados_pessoais.pdf, page 1>
Package pdftex.def Info: capitulos/questionario_dados_pessoais.pdf, page1 used 
on input line 5.
(pdftex.def)             Requested size: 597.22978pt x 845.15544pt.
 [60 <./capitulos/questionario_dados_pessoais.pdf>]
Ap\^endice B.
<capitulos/tarefas_2Path.pdf, id=1118, 597.23125pt x 845.1575pt>
File: capitulos/tarefas_2Path.pdf Graphic file (type pdf)

<use capitulos/tarefas_2Path.pdf>
Package pdftex.def Info: capitulos/tarefas_2Path.pdf used on input line 9.
(pdftex.def)             Requested size: 597.22978pt x 845.15544pt.
File: capitulos/tarefas_2Path.pdf Graphic file (type pdf)
 <use capitulos/tarefas_2Path.pdf>
Package pdftex.def Info: capitulos/tarefas_2Path.pdf used on input line 9.
(pdftex.def)             Requested size: 597.22978pt x 845.15544pt.

<capitulos/tarefas_2Path.pdf, id=1121, page=1, 597.23125pt x 845.1575pt>
File: capitulos/tarefas_2Path.pdf Graphic file (type pdf)

<use capitulos/tarefas_2Path.pdf, page 1>
Package pdftex.def Info: capitulos/tarefas_2Path.pdf, page1 used on input line 
9.
(pdftex.def)             Requested size: 597.22978pt x 845.15544pt.
File: capitulos/tarefas_2Path.pdf Graphic file (type pdf)

<use capitulos/tarefas_2Path.pdf, page 1>
Package pdftex.def Info: capitulos/tarefas_2Path.pdf, page1 used on input line 
9.
(pdftex.def)             Requested size: 597.22978pt x 845.15544pt.
 [61

]
File: capitulos/tarefas_2Path.pdf Graphic file (type pdf)

<use capitulos/tarefas_2Path.pdf, page 1>
Package pdftex.def Info: capitulos/tarefas_2Path.pdf, page1 used on input line 
9.
(pdftex.def)             Requested size: 597.22978pt x 845.15544pt.
File: capitulos/tarefas_2Path.pdf Graphic file (type pdf)

<use capitulos/tarefas_2Path.pdf, page 1>
Package pdftex.def Info: capitulos/tarefas_2Path.pdf, page1 used on input line 
9.
(pdftex.def)             Requested size: 597.22978pt x 845.15544pt.
File: capitulos/tarefas_2Path.pdf Graphic file (type pdf)

<use capitulos/tarefas_2Path.pdf, page 1>
Package pdftex.def Info: capitulos/tarefas_2Path.pdf, page1 used on input line 
9.
(pdftex.def)             Requested size: 597.22978pt x 845.15544pt.
 [62 <./capitulos/tarefas_2Path.pdf>]
Ap\^endice C.
<capitulos/questionario_interface.pdf, id=1157, 597.23125pt x 845.1575pt>
File: capitulos/questionario_interface.pdf Graphic file (type pdf)

<use capitulos/questionario_interface.pdf>
Package pdftex.def Info: capitulos/questionario_interface.pdf used on input lin
e 13.
(pdftex.def)             Requested size: 597.22978pt x 845.15544pt.
File: capitulos/questionario_interface.pdf Graphic file (type pdf)

<use capitulos/questionario_interface.pdf>
Package pdftex.def Info: capitulos/questionario_interface.pdf used on input lin
e 13.
(pdftex.def)             Requested size: 597.22978pt x 845.15544pt.

<capitulos/questionario_interface.pdf, id=1160, page=1, 597.23125pt x 845.1575p
t>
File: capitulos/questionario_interface.pdf Graphic file (type pdf)
 <use capitulos/questionario_interface.pdf, page 1>
Package pdftex.def Info: capitulos/questionario_interface.pdf, page1 used on in
put line 13.
(pdftex.def)             Requested size: 597.22978pt x 845.15544pt.
File: capitulos/questionario_interface.pdf Graphic file (type pdf)

<use capitulos/questionario_interface.pdf, page 1>
Package pdftex.def Info: capitulos/questionario_interface.pdf, page1 used on in
put line 13.
(pdftex.def)             Requested size: 597.22978pt x 845.15544pt.
 [63

]
File: capitulos/questionario_interface.pdf Graphic file (type pdf)

<use capitulos/questionario_interface.pdf, page 1>
Package pdftex.def Info: capitulos/questionario_interface.pdf, page1 used on in
put line 13.
(pdftex.def)             Requested size: 597.22978pt x 845.15544pt.
File: capitulos/questionario_interface.pdf Graphic file (type pdf)

<use capitulos/questionario_interface.pdf, page 1>
Package pdftex.def Info: capitulos/questionario_interface.pdf, page1 used on in
put line 13.
(pdftex.def)             Requested size: 597.22978pt x 845.15544pt.
File: capitulos/questionario_interface.pdf Graphic file (type pdf)

<use capitulos/questionario_interface.pdf, page 1>
Package pdftex.def Info: capitulos/questionario_interface.pdf, page1 used on in
put line 13.
(pdftex.def)             Requested size: 597.22978pt x 845.15544pt.
 [64 <./capitulos/questionario_interface.pdf>])
Package atveryend Info: Empty hook `BeforeClearDocument' on input line 235.
Package atveryend Info: Empty hook `AfterLastShipout' on input line 235.
 (./monografia.aux)
Package atveryend Info: Executing hook `AtVeryEndDocument' on input line 235.
Package atveryend Info: Executing hook `AtEndAfterFileList' on input line 235.
Package rerunfilecheck Info: File `monografia.out' has not changed.
(rerunfilecheck)             Checksum: B211691A8867CFA4B049D41249B7681B;3421.
Package rerunfilecheck Info: File `monografia.brf' has not changed.
(rerunfilecheck)             Checksum: 6B7A8DC643718D87FF8773B2359A0294;4134.


LaTeX Font Warning: Size substitutions with differences
(Font)              up to 0.74pt have occurred.


LaTeX Font Warning: Some font shapes were not available, defaults substituted.


LaTeX Warning: There were undefined references.


LaTeX Warning: There were multiply-defined labels.

Package atveryend Info: Empty hook `AtVeryVeryEnd' on input line 235.
 )
(\end occurred when \iffalse on line 462 was incomplete) 
Here is how much of TeX's memory you used:
 20792 strings out of 493029
 362249 string characters out of 6136234
 468543 words of memory out of 5000000
 23613 multiletter control sequences out of 15000+600000
 20553 words of font info for 43 fonts, out of 8000000 for 9000
 1141 hyphenation exceptions out of 8191
 56i,19n,92p,1383b,543s stack positions out of 5000i,500n,10000p,200000b,80000s
pdfTeX warning (dest): 
name{Hfootnote.31} has been referenced but does not exist, replaced by a fixed 
one

pdfTeX warning (dest): name{Hfootnote.30} has been referenced but does not exis
t, replaced by a fixed one

pdfTeX warning (dest): name{Hfootnote.29} has been referenced but does not exis
t, replaced by a fixed one

pdfTeX warning (dest): name{Hfootnote.28} has been referenced but does not exis
t, replaced by a fixed one

pdfTeX warning (dest): name{Hfootnote.27} has been referenced but does not exis
t, replaced by a fixed one

pdfTeX warning (dest): name{Hfootnote.26} has been referenced but does not exis
t, replaced by a fixed one

pdfTeX warning (dest): name{Hfootnote.25} has been referenced but does not exis
t, replaced by a fixed one

pdfTeX warning (dest): name{Hfootnote.24} has been referenced but does not exis
t, replaced by a fixed one

pdfTeX warning (dest): name{Hfootnote.23} has been referenced but does not exis
t, replaced by a fixed one

pdfTeX warning (dest): name{Hfootnote.22} has been referenced but does not exis
t, replaced by a fixed one

pdfTeX warning (dest): name{Hfootnote.21} has been referenced but does not exis
t, replaced by a fixed one

pdfTeX warning (dest): name{Hfootnote.20} has been referenced but does not exis
t, replaced by a fixed one

pdfTeX warning (dest): name{Hfootnote.19} has been referenced but does not exis
t, replaced by a fixed one

pdfTeX warning (dest): name{Hfootnote.18} has been referenced but does not exis
t, replaced by a fixed one

pdfTeX warning (dest): name{Hfootnote.17} has been referenced but does not exis
t, replaced by a fixed one

pdfTeX warning (dest): name{Hfootnote.16} has been referenced but does not exis
t, replaced by a fixed one

pdfTeX warning (dest): name{Hfootnote.15} has been referenced but does not exis
t, replaced by a fixed one

pdfTeX warning (dest): name{Hfootnote.14} has been referenced but does not exis
t, replaced by a fixed one

pdfTeX warning (dest): name{Hfootnote.13} has been referenced but does not exis
t, replaced by a fixed one

pdfTeX warning (dest): name{Hfootnote.12} has been referenced but does not exis
t, replaced by a fixed one

pdfTeX warning (dest): name{Hfootnote.11} has been referenced but does not exis
t, replaced by a fixed one

pdfTeX warning (dest): name{Hfootnote.10} has been referenced but does not exis
t, replaced by a fixed one

pdfTeX warning (dest): name{Hfootnote.9} has been referenced but does not exist
, replaced by a fixed one

pdfTeX warning (dest): name{Hfootnote.8} has been referenced but does not exist
, replaced by a fixed one

pdfTeX warning (dest): name{Hfootnote.7} has been referenced but does not exist
, replaced by a fixed one

pdfTeX warning (dest): name{Hfootnote.6} has been referenced but does not exist
, replaced by a fixed one

pdfTeX warning (dest): name{Hfootnote.5} has been referenced but does not exist
, replaced by a fixed one

pdfTeX warning (dest): name{Hfootnote.4} has been referenced but does not exist
, replaced by a fixed one

pdfTeX warning (dest): name{Hfootnote.3} has been referenced but does not exist
, replaced by a fixed one

pdfTeX warning (dest): name{Hfootnote.2} has been referenced but does not exist
, replaced by a fixed one

pdfTeX warning (dest): name{Hfootnote.1} has been referenced but does not exist
, replaced by a fixed one

{/usr/share/texmf/fonts/enc/dvips/cm-super/cm-super-t1.enc}</usr/share/texlive/
texmf-dist/fonts/type1/public/amsfonts/cm/cmmi12.pfb></usr/share/texlive/texmf-
dist/fonts/type1/public/amsfonts/cm/cmr8.pfb></usr/share/texlive/texmf-dist/fon
ts/type1/public/amsfonts/cm/cmsy10.pfb></usr/share/texmf/fonts/type1/public/cm-
super/sfbi1200.pfb></usr/share/texmf/fonts/type1/public/cm-super/sfbx1095.pfb><
/usr/share/texmf/fonts/type1/public/cm-super/sfbx1200.pfb></usr/share/texmf/fon
ts/type1/public/cm-super/sfbx1440.pfb></usr/share/texmf/fonts/type1/public/cm-s
uper/sfbx1728.pfb></usr/share/texmf/fonts/type1/public/cm-super/sfbx2488.pfb></
usr/share/texmf/fonts/type1/public/cm-super/sfrm0700.pfb></usr/share/texmf/font
s/type1/public/cm-super/sfrm0800.pfb></usr/share/texmf/fonts/type1/public/cm-su
per/sfrm1000.pfb></usr/share/texmf/fonts/type1/public/cm-super/sfrm1095.pfb></u
sr/share/texmf/fonts/type1/public/cm-super/sfrm1200.pfb></usr/share/texmf/fonts
/type1/public/cm-super/sfrm1440.pfb></usr/share/texmf/fonts/type1/public/cm-sup
er/sfrm2074.pfb></usr/share/texmf/fonts/type1/public/cm-super/sfti1000.pfb></us
r/share/texmf/fonts/type1/public/cm-super/sfti1095.pfb></usr/share/texmf/fonts/
type1/public/cm-super/sfti1200.pfb></usr/share/texmf/fonts/type1/public/cm-supe
r/sftt1000.pfb></usr/share/texmf/fonts/type1/public/cm-super/sftt1200.pfb>
Output written on monografia.pdf (75 pages, 5927884 bytes).
PDF statistics:
 1322 PDF objects out of 1440 (max. 8388607)
 1090 compressed objects within 11 object streams
 231 named destinations out of 1000 (max. 500000)
 621 words of extra memory for PDF output out of 10000 (max. 10000000)

